\BOOKMARK [1][-]{section.1}{\376\377\0001\000.\000\040\004\022\004\062\004\065\004\064\004\065\004\075\004\070\004\065}{}% 1
\BOOKMARK [1][-]{section.2}{\376\377\0002\000.\000\040\004\035\004\065\004\071\004\100\004\076\004\101\004\065\004\102\004\065\004\062\004\113\004\065\000\040\004\064\004\070\004\060\004\073\004\076\004\063\004\076\004\062\004\113\004\065\000\040\004\074\004\076\004\064\004\065\004\073\004\070}{}% 2
\BOOKMARK [2][-]{subsection.2.1}{\376\377\0002\000.\0001\000.\000\040\004\040\004\065\004\072\004\103\004\100\004\100\004\065\004\075\004\102\004\075\004\113\004\065\000\040\004\075\004\065\004\071\004\100\004\076\004\075\004\075\004\113\004\065\000\040\004\101\004\065\004\102\004\070}{section.2}% 3
\BOOKMARK [2][-]{subsection.2.2}{\376\377\0002\000.\0002\000.\000\040\004\022\004\065\004\072\004\102\004\076\004\100\004\075\004\113\004\065\000\040\004\077\004\100\004\065\004\064\004\101\004\102\004\060\004\062\004\073\004\065\004\075\004\070\004\117\000\040\004\101\004\073\004\076\004\062\000\040\004\062\000\040\004\100\004\065\004\072\004\103\004\100\004\100\004\065\004\075\004\102\004\075\004\113\004\105\000\040\004\101\004\065\004\102\004\117\004\105}{section.2}% 4
\BOOKMARK [2][-]{subsection.2.3}{\376\377\0002\000.\0003\000.\000\040\000S\000e\000q\000u\000e\000n\000c\000e\000-\000t\000o\000-\000s\000e\000q\000u\000e\000n\000c\000e\000\040\004\077\004\076\004\064\004\105\004\076\004\064}{section.2}% 5
\BOOKMARK [1][-]{section.3}{\376\377\0003\000.\000\040\004\036\004\061\004\103\004\107\004\065\004\075\004\070\004\065\000\040\004\101\000\040\004\077\004\076\004\064\004\072\004\100\004\065\004\077\004\073\004\065\004\075\004\070\004\065\004\074}{}% 6
\BOOKMARK [2][-]{subsection.3.1}{\376\377\0003\000.\0001\000.\000\040\004\022\004\062\004\065\004\064\004\065\004\075\004\070\004\065\000\040\004\062\000\040\004\076\004\061\004\103\004\107\004\065\004\075\004\070\004\065\000\040\004\101\000\040\004\077\004\076\004\064\004\072\004\100\004\065\004\077\004\073\004\065\004\075\004\070\004\065\004\074}{section.3}% 7
\BOOKMARK [2][-]{subsection.3.2}{\376\377\0003\000.\0002\000.\000\040\004\034\004\060\004\100\004\072\004\076\004\062\004\101\004\072\004\070\004\071\000\040\004\077\004\100\004\076\004\106\004\065\004\101\004\101\000\040\004\077\004\100\004\070\004\075\004\117\004\102\004\070\004\117\000\040\004\100\004\065\004\110\004\065\004\075\004\070\004\071}{section.3}% 8
\BOOKMARK [2][-]{subsection.3.3}{\376\377\0003\000.\0003\000.\000\040\004\044\004\103\004\075\004\072\004\106\004\070\004\070\000\040\004\077\004\076\004\073\004\065\004\067\004\075\004\076\004\101\004\102\004\070\000\040\004\101\004\076\004\101\004\102\004\076\004\117\004\075\004\070\004\117\000.\000\040\004\043\004\100\004\060\004\062\004\075\004\065\004\075\004\070\004\117\000\040\004\021\004\065\004\073\004\073\004\074\004\060\004\075\004\060}{section.3}% 9
\BOOKMARK [2][-]{subsection.3.4}{\376\377\0003\000.\0004\000.\000\040\000P\000o\000l\000i\000c\000y\000-\000g\000r\000a\000d\000i\000e\000n\000t\000\040\004\060\004\073\004\063\004\076\004\100\004\070\004\102\004\074\004\113\000\040\004\076\004\061\004\103\004\107\004\065\004\075\004\070\004\117\000\040\004\101\000\040\004\077\004\076\004\064\004\072\004\100\004\065\004\077\004\073\004\065\004\075\004\070\004\065\004\074}{section.3}% 10
\BOOKMARK [2][-]{subsection.3.5}{\376\377\0003\000.\0005\000.\000\040\004\036\004\061\004\103\004\107\004\065\004\075\004\070\004\065\000\040\004\101\000\040\004\077\004\076\004\064\004\072\004\100\004\065\004\077\004\073\004\065\004\075\004\070\004\065\004\074\000\040\004\062\000\040\004\075\004\065\004\071\004\100\004\076\004\101\004\065\004\102\004\065\004\062\004\113\004\105\000\040\004\064\004\070\004\060\004\073\004\076\004\063\004\076\004\062\004\113\004\105\000\040\004\074\004\076\004\064\004\065\004\073\004\117\004\105}{section.3}% 11
\BOOKMARK [1][-]{section.4}{\376\377\0004\000.\000\040\004\036\004\061\004\067\004\076\004\100\000\040\004\073\004\070\004\102\004\065\004\100\004\060\004\102\004\103\004\100\004\113}{}% 12
\BOOKMARK [1][-]{section.5}{\376\377\0005\000.\000\040\004\055\004\072\004\101\004\077\004\065\004\100\004\070\004\074\004\065\004\075\004\102\000\040\000B\000e\000P\000o\000l\000i\000t\000e}{}% 13
\BOOKMARK [2][-]{subsection.5.1}{\376\377\0005\000.\0001\000.\000\040\004\037\004\076\004\101\004\102\004\060\004\075\004\076\004\062\004\072\004\060\000\040\004\067\004\060\004\064\004\060\004\107\004\070}{section.5}% 14
\BOOKMARK [2][-]{subsection.5.2}{\376\377\0005\000.\0002\000.\000\040\004\022\004\105\004\076\004\064\004\075\004\113\004\065\000\040\004\064\004\060\004\075\004\075\004\113\004\065}{section.5}% 15
\BOOKMARK [2][-]{subsection.5.3}{\376\377\0005\000.\0003\000.\000\040\004\034\004\065\004\102\004\100\004\070\004\072\004\070\000\040\004\072\004\060\004\107\004\065\004\101\004\102\004\062\004\060}{section.5}% 16
\BOOKMARK [2][-]{subsection.5.4}{\376\377\0005\000.\0004\000.\000\040\004\021\004\060\004\067\004\076\004\062\004\076\004\065\000\040\004\100\004\065\004\110\004\065\004\075\004\070\004\065}{section.5}% 17
\BOOKMARK [2][-]{subsection.5.5}{\376\377\0005\000.\0005\000.\000\040\004\040\004\065\004\110\004\065\004\075\004\070\004\065}{section.5}% 18
\BOOKMARK [2][-]{subsection.5.6}{\376\377\0005\000.\0006\000.\000\040\004\040\004\065\004\067\004\103\004\073\004\114\004\102\004\060\004\102\004\113}{section.5}% 19
\BOOKMARK [1][-]{section.6}{\376\377\0006\000.\000\040\004\055\004\072\004\101\004\077\004\065\004\100\004\070\004\074\004\065\004\075\004\102\000\040\000B\000e\000L\000i\000k\000e\000X}{}% 20
\BOOKMARK [2][-]{subsection.6.1}{\376\377\0006\000.\0001\000.\000\040\004\037\004\076\004\101\004\102\004\060\004\075\004\076\004\062\004\072\004\060\000\040\004\067\004\060\004\064\004\060\004\107\004\070}{section.6}% 21
\BOOKMARK [2][-]{subsection.6.2}{\376\377\0006\000.\0002\000.\000\040\004\022\004\105\004\076\004\064\004\075\004\113\004\065\000\040\004\064\004\060\004\075\004\075\004\113\004\065}{section.6}% 22
\BOOKMARK [2][-]{subsection.6.3}{\376\377\0006\000.\0003\000.\000\040\004\034\004\065\004\102\004\100\004\070\004\072\004\070\000\040\004\072\004\060\004\107\004\065\004\101\004\102\004\062\004\060}{section.6}% 23
\BOOKMARK [2][-]{subsection.6.4}{\376\377\0006\000.\0004\000.\000\040\004\021\004\060\004\067\004\076\004\062\004\076\004\065\000\040\004\100\004\065\004\110\004\065\004\075\004\070\004\065}{section.6}% 24
\BOOKMARK [2][-]{subsection.6.5}{\376\377\0006\000.\0005\000.\000\040\004\040\004\065\004\110\004\065\004\075\004\070\004\065}{section.6}% 25
\BOOKMARK [2][-]{subsection.6.6}{\376\377\0006\000.\0006\000.\000\040\004\040\004\065\004\067\004\103\004\073\004\114\004\102\004\060\004\102\004\113}{section.6}% 26
\BOOKMARK [1][-]{section.7}{\376\377\0007\000.\000\040\004\027\004\060\004\072\004\073\004\116\004\107\004\065\004\075\004\070\004\065}{}% 27
\BOOKMARK [2][-]{subsection.7.1}{\376\377\0007\000.\0001\000.\000\040\004\030\004\102\004\076\004\063\004\070\000\040\004\100\004\060\004\061\004\076\004\102\004\113}{section.7}% 28
\BOOKMARK [2][-]{subsection.7.2}{\376\377\0007\000.\0002\000.\000\040\004\024\004\060\004\073\004\114\004\075\004\065\004\071\004\110\004\070\004\065\000\040\004\070\004\101\004\101\004\073\004\065\004\064\004\076\004\062\004\060\004\075\004\070\004\117}{section.7}% 29
\BOOKMARK [1][-]{section*.30}{\376\377\004\041\004\077\004\070\004\101\004\076\004\072\000\040\004\073\004\070\004\102\004\065\004\100\004\060\004\102\004\103\004\100\004\113}{}% 30
